Using pre-set license
Built from '2020.3/staging' branch; Version is '2020.3.0f1 (c7b5465681fb) revision 13088070'; Using compiler version '192528614'; Build Type 'Release'
OS: 'Windows 10 Home; OS build 19042.1415; Version 2009; 64bit' Language: 'es' Physical Memory: 65483 MB
BatchMode: 1, IsHumanControllingUs: 0, StartBugReporterOnCrash: 0, Is64bit: 1, IsPro: 0

 COMMAND LINE ARGUMENTS:
C:\Program Files\Unity\Hub\Editor\2020.3.0f1\Editor\Unity.exe
-adb2
-batchMode
-noUpm
-name
AssetImportWorker0
-projectPath
C:/Users/Diego Sansano Reboll/Desktop/Juego Examen
-logFile
Logs/AssetImportWorker0.log
-srvPort
56705
Successfully changed project path to: C:/Users/Diego Sansano Reboll/Desktop/Juego Examen
C:/Users/Diego Sansano Reboll/Desktop/Juego Examen
Using Asset Import Pipeline V2.
Refreshing native plugins compatible for Editor in 40.25 ms, found 1 plugins.
Preloading 0 native plugins for Editor in 0.00 ms.
Initialize engine version: 2020.3.0f1 (c7b5465681fb)
[Subsystems] Discovering subsystems at path C:/Program Files/Unity/Hub/Editor/2020.3.0f1/Editor/Data/Resources/UnitySubsystems
[Subsystems] Discovering subsystems at path C:/Users/Diego Sansano Reboll/Desktop/Juego Examen/Assets
GfxDevice: creating device client; threaded=0
Direct3D:
    Version:  Direct3D 11.0 [level 11.1]
    Renderer: NVIDIA GeForce GTX 1080 (ID=0x1b80)
    Vendor:   
    VRAM:     8079 MB
    Driver:   30.0.14.7196
Initialize mono
Mono path[0] = 'C:/Program Files/Unity/Hub/Editor/2020.3.0f1/Editor/Data/Managed'
Mono path[1] = 'C:/Program Files/Unity/Hub/Editor/2020.3.0f1/Editor/Data/MonoBleedingEdge/lib/mono/unityjit'
Mono config path = 'C:/Program Files/Unity/Hub/Editor/2020.3.0f1/Editor/Data/MonoBleedingEdge/etc'
Using monoOptions --debugger-agent=transport=dt_socket,embedding=1,server=y,suspend=n,address=127.0.0.1:56028
Begin MonoManager ReloadAssembly
Registering precompiled unity dll's ...
Register platform support module: C:/Program Files/Unity/Hub/Editor/2020.3.0f1/Editor/Data/PlaybackEngines/WindowsStandaloneSupport/UnityEditor.WindowsStandalone.Extensions.dll
Registered in 0.002162 seconds.
Native extension for WindowsStandalone target not found
Refreshing native plugins compatible for Editor in 36.28 ms, found 1 plugins.
Preloading 0 native plugins for Editor in 0.00 ms.
Invoked RoslynAnalysisRunner static constructor.
RoslynAnalysisRunner will not be running.
RoslynAnalysisRunner has terminated.
Mono: successfully reloaded assembly
- Completed reload, in  1.099 seconds
Platform modules already initialized, skipping
Registering precompiled user dll's ...
Registered in 0.001007 seconds.
Begin MonoManager ReloadAssembly
Native extension for WindowsStandalone target not found
Refreshing native plugins compatible for Editor in 37.16 ms, found 1 plugins.
Preloading 0 native plugins for Editor in 0.00 ms.
Invoked RoslynAnalysisRunner static constructor.
RoslynAnalysisRunner will not be running.
RoslynAnalysisRunner has terminated.
Mono: successfully reloaded assembly
- Completed reload, in  0.906 seconds
Platform modules already initialized, skipping
========================================================================
Worker process is ready to serve import requests
Launched and connected shader compiler UnityShaderCompiler.exe after 0.05 seconds
Refreshing native plugins compatible for Editor in 0.40 ms, found 1 plugins.
Preloading 0 native plugins for Editor in 0.00 ms.
Unloading 1961 Unused Serialized files (Serialized files now loaded: 0)
System memory in use before: 90.0 MB.
System memory in use after: 90.0 MB.

Unloading 25 unused Assets to reduce memory usage. Loaded Objects now: 2404.
Total: 1.921200 ms (FindLiveObjects: 0.193200 ms CreateObjectMapping: 0.079500 ms MarkObjects: 1.534700 ms  DeleteObjects: 0.112700 ms)

========================================================================
Received Import Request.
  path: Assets/Music
  artifactKey: Guid(533181971f92256409937bcfc8a9ef5e) Importer(815301076,1909f56bfc062723c751e8b465ee728b)
Start importing Assets/Music using Guid(533181971f92256409937bcfc8a9ef5e) Importer(815301076,1909f56bfc062723c751e8b465ee728b)  -> (artifact id: '2ff066cf9347a739a30f0fab95ad23f4') in 0.008873 seconds
  Import took 0.011600 seconds .

========================================================================
Received Import Request.
  Time since last request: 1577.999236 seconds.
  path: Assets/Music/ButtonClick.mp3
  artifactKey: Guid(0f4cedc184885a942b8d2cc492de5504) Importer(815301076,1909f56bfc062723c751e8b465ee728b)
Start importing Assets/Music/ButtonClick.mp3 using Guid(0f4cedc184885a942b8d2cc492de5504) Importer(815301076,1909f56bfc062723c751e8b465ee728b)  -> (artifact id: '12bda1cf134ea1fc5adf23339f06afe9') in 0.104498 seconds
  Import took 0.107803 seconds .

========================================================================
Received Import Request.
  Time since last request: 0.000295 seconds.
  path: Assets/Music/FruitCollectedSound.wav
  artifactKey: Guid(5cce1bba6e96ac2469a8a512f01d203f) Importer(815301076,1909f56bfc062723c751e8b465ee728b)
Start importing Assets/Music/FruitCollectedSound.wav using Guid(5cce1bba6e96ac2469a8a512f01d203f) Importer(815301076,1909f56bfc062723c751e8b465ee728b)  -> (artifact id: '6b9dae17c960bbed2a569d59dbbc5fa6') in 0.049511 seconds
  Import took 0.052200 seconds .

========================================================================
Received Import Request.
  Time since last request: 0.000308 seconds.
  path: Assets/Music/Music.wav
  artifactKey: Guid(2bd81e2528e527d428c1f018f280c227) Importer(815301076,1909f56bfc062723c751e8b465ee728b)
Start importing Assets/Music/Music.wav using Guid(2bd81e2528e527d428c1f018f280c227) Importer(815301076,1909f56bfc062723c751e8b465ee728b)  -> (artifact id: 'd0f0d943c1172334521743fedd505ac6') in 0.010873 seconds
  Import took 0.013746 seconds .

========================================================================
Received Prepare
Registering precompiled user dll's ...
Registered in 0.001085 seconds.
Begin MonoManager ReloadAssembly
Native extension for WindowsStandalone target not found
Refreshing native plugins compatible for Editor in 0.42 ms, found 1 plugins.
Preloading 0 native plugins for Editor in 0.00 ms.
Invoked RoslynAnalysisRunner static constructor.
RoslynAnalysisRunner will not be running.
RoslynAnalysisRunner has terminated.
Mono: successfully reloaded assembly
- Completed reload, in  0.864 seconds
Platform modules already initialized, skipping
Refreshing native plugins compatible for Editor in 0.37 ms, found 1 plugins.
Preloading 0 native plugins for Editor in 0.00 ms.
Unloading 1954 Unused Serialized files (Serialized files now loaded: 0)
System memory in use before: 93.0 MB.
System memory in use after: 93.0 MB.

Unloading 13 unused Assets to reduce memory usage. Loaded Objects now: 2417.
Total: 2.217200 ms (FindLiveObjects: 0.228800 ms CreateObjectMapping: 0.097900 ms MarkObjects: 1.789100 ms  DeleteObjects: 0.099800 ms)

========================================================================
Received Prepare
Registering precompiled user dll's ...
Registered in 0.001015 seconds.
Begin MonoManager ReloadAssembly
Native extension for WindowsStandalone target not found
Refreshing native plugins compatible for Editor in 0.39 ms, found 1 plugins.
Preloading 0 native plugins for Editor in 0.00 ms.
Invoked RoslynAnalysisRunner static constructor.
RoslynAnalysisRunner will not be running.
RoslynAnalysisRunner has terminated.
Mono: successfully reloaded assembly
- Completed reload, in  0.907 seconds
Platform modules already initialized, skipping
Refreshing native plugins compatible for Editor in 0.73 ms, found 1 plugins.
Preloading 0 native plugins for Editor in 0.00 ms.
Unloading 1954 Unused Serialized files (Serialized files now loaded: 0)
System memory in use before: 93.1 MB.
System memory in use after: 93.1 MB.

Unloading 13 unused Assets to reduce memory usage. Loaded Objects now: 2421.
Total: 2.433400 ms (FindLiveObjects: 0.322600 ms CreateObjectMapping: 0.157400 ms MarkObjects: 1.728300 ms  DeleteObjects: 0.223700 ms)

========================================================================
Received Prepare
Registering precompiled user dll's ...
Registered in 0.001036 seconds.
Begin MonoManager ReloadAssembly
Native extension for WindowsStandalone target not found
Refreshing native plugins compatible for Editor in 0.71 ms, found 1 plugins.
Preloading 0 native plugins for Editor in 0.00 ms.
Invoked RoslynAnalysisRunner static constructor.
RoslynAnalysisRunner will not be running.
RoslynAnalysisRunner has terminated.
Mono: successfully reloaded assembly
- Completed reload, in  0.916 seconds
Platform modules already initialized, skipping
Refreshing native plugins compatible for Editor in 0.38 ms, found 1 plugins.
Preloading 0 native plugins for Editor in 0.00 ms.
Unloading 1954 Unused Serialized files (Serialized files now loaded: 0)
System memory in use before: 93.1 MB.
System memory in use after: 93.1 MB.

Unloading 13 unused Assets to reduce memory usage. Loaded Objects now: 2425.
Total: 2.062700 ms (FindLiveObjects: 0.188100 ms CreateObjectMapping: 0.073100 ms MarkObjects: 1.696100 ms  DeleteObjects: 0.104600 ms)

========================================================================
Received Prepare
Registering precompiled user dll's ...
Registered in 0.001045 seconds.
Begin MonoManager ReloadAssembly
Native extension for WindowsStandalone target not found
Refreshing native plugins compatible for Editor in 0.38 ms, found 1 plugins.
Preloading 0 native plugins for Editor in 0.00 ms.
Invoked RoslynAnalysisRunner static constructor.
RoslynAnalysisRunner will not be running.
RoslynAnalysisRunner has terminated.
Mono: successfully reloaded assembly
- Completed reload, in  0.871 seconds
Platform modules already initialized, skipping
Refreshing native plugins compatible for Editor in 0.37 ms, found 1 plugins.
Preloading 0 native plugins for Editor in 0.00 ms.
Unloading 1954 Unused Serialized files (Serialized files now loaded: 0)
System memory in use before: 93.1 MB.
System memory in use after: 93.1 MB.

Unloading 13 unused Assets to reduce memory usage. Loaded Objects now: 2429.
Total: 1.987100 ms (FindLiveObjects: 0.282600 ms CreateObjectMapping: 0.105100 ms MarkObjects: 1.495700 ms  DeleteObjects: 0.102400 ms)

========================================================================
Received Prepare
Registering precompiled user dll's ...
Registered in 0.001099 seconds.
Begin MonoManager ReloadAssembly
Native extension for WindowsStandalone target not found
Refreshing native plugins compatible for Editor in 0.37 ms, found 1 plugins.
Preloading 0 native plugins for Editor in 0.00 ms.
Invoked RoslynAnalysisRunner static constructor.
RoslynAnalysisRunner will not be running.
RoslynAnalysisRunner has terminated.
Mono: successfully reloaded assembly
- Completed reload, in  0.834 seconds
Platform modules already initialized, skipping
Refreshing native plugins compatible for Editor in 0.39 ms, found 1 plugins.
Preloading 0 native plugins for Editor in 0.00 ms.
Unloading 1954 Unused Serialized files (Serialized files now loaded: 0)
System memory in use before: 93.1 MB.
System memory in use after: 93.1 MB.

Unloading 13 unused Assets to reduce memory usage. Loaded Objects now: 2433.
Total: 2.042800 ms (FindLiveObjects: 0.187900 ms CreateObjectMapping: 0.078800 ms MarkObjects: 1.673400 ms  DeleteObjects: 0.101900 ms)

========================================================================
Received Prepare
Registering precompiled user dll's ...
Registered in 0.001010 seconds.
Begin MonoManager ReloadAssembly
Native extension for WindowsStandalone target not found
Refreshing native plugins compatible for Editor in 0.38 ms, found 1 plugins.
Preloading 0 native plugins for Editor in 0.00 ms.
Invoked RoslynAnalysisRunner static constructor.
RoslynAnalysisRunner will not be running.
RoslynAnalysisRunner has terminated.
Mono: successfully reloaded assembly
- Completed reload, in  0.871 seconds
Platform modules already initialized, skipping
Refreshing native plugins compatible for Editor in 0.40 ms, found 1 plugins.
Preloading 0 native plugins for Editor in 0.00 ms.
Unloading 1954 Unused Serialized files (Serialized files now loaded: 0)
System memory in use before: 93.1 MB.
System memory in use after: 93.1 MB.

Unloading 13 unused Assets to reduce memory usage. Loaded Objects now: 2437.
Total: 2.353900 ms (FindLiveObjects: 0.349800 ms CreateObjectMapping: 0.124000 ms MarkObjects: 1.774100 ms  DeleteObjects: 0.105100 ms)

========================================================================
Received Import Request.
  Time since last request: 1369.687563 seconds.
  path: Assets/Pixel Adventure 1/Assets/Main Characters/Pink Man/AnimationsPlayer/animationplayer.controller
  artifactKey: Guid(e4da4ecdc2bf67e4fbb6aff0b4a96070) Importer(815301076,1909f56bfc062723c751e8b465ee728b)
Start importing Assets/Pixel Adventure 1/Assets/Main Characters/Pink Man/AnimationsPlayer/animationplayer.controller using Guid(e4da4ecdc2bf67e4fbb6aff0b4a96070) Importer(815301076,1909f56bfc062723c751e8b465ee728b)  -> (artifact id: 'b78931273610db228a8421520f87f8bf') in 0.022290 seconds
  Import took 0.025426 seconds .

========================================================================
Received Import Request.
  Time since last request: 15.009691 seconds.
  path: Assets/Pixel Adventure 1/Assets/Main Characters/Pink Man/AnimationsPlayer/hit.anim
  artifactKey: Guid(df4a3b22f5b800c49a95f1760c6a4550) Importer(815301076,1909f56bfc062723c751e8b465ee728b)
Start importing Assets/Pixel Adventure 1/Assets/Main Characters/Pink Man/AnimationsPlayer/hit.anim using Guid(df4a3b22f5b800c49a95f1760c6a4550) Importer(815301076,1909f56bfc062723c751e8b465ee728b)  -> (artifact id: 'ab5caaa456f6384239105a93f3bc0325') in 0.008866 seconds
  Import took 0.011794 seconds .

========================================================================
Received Import Request.
  Time since last request: 38.066754 seconds.
  path: Assets/Scripts/NewBehaviourScript.cs
  artifactKey: Guid(78f8dd8d81251aa438c4c2b15c7f0eb9) Importer(815301076,1909f56bfc062723c751e8b465ee728b)
Start importing Assets/Scripts/NewBehaviourScript.cs using Guid(78f8dd8d81251aa438c4c2b15c7f0eb9) Importer(815301076,1909f56bfc062723c751e8b465ee728b)  -> (artifact id: '16de85c01e9b31966671760a1bd984e1') in 0.016247 seconds
  Import took 0.019117 seconds .

========================================================================
Received Import Request.
  Time since last request: 0.000443 seconds.
  path: Assets/Scripts/NewBehaviourScript.cs
  artifactKey: Guid(78f8dd8d81251aa438c4c2b15c7f0eb9) Importer(815301076,1909f56bfc062723c751e8b465ee728b)
Start importing Assets/Scripts/NewBehaviourScript.cs using Guid(78f8dd8d81251aa438c4c2b15c7f0eb9) Importer(815301076,1909f56bfc062723c751e8b465ee728b)  -> (artifact id: '16de85c01e9b31966671760a1bd984e1') in 0.003113 seconds
  Import took 0.006959 seconds .

========================================================================
Received Import Request.
  Time since last request: 2.973613 seconds.
  path: Assets/Scripts/PlayerMovement.cs
  artifactKey: Guid(96590b4b7499d33458115bccf7678e07) Importer(815301076,1909f56bfc062723c751e8b465ee728b)
Start importing Assets/Scripts/PlayerMovement.cs using Guid(96590b4b7499d33458115bccf7678e07) Importer(815301076,1909f56bfc062723c751e8b465ee728b)  -> (artifact id: 'c5e95d37ecdbfd67201e4eafe0e48152') in 0.009338 seconds
  Import took 0.012872 seconds .

========================================================================
Received Import Request.
  Time since last request: 1.460355 seconds.
  path: Assets/Scripts/DamageObject.cs
  artifactKey: Guid(9d6864975c94c6f40b57db8ee0fa1f8f) Importer(815301076,1909f56bfc062723c751e8b465ee728b)
Start importing Assets/Scripts/DamageObject.cs using Guid(9d6864975c94c6f40b57db8ee0fa1f8f) Importer(815301076,1909f56bfc062723c751e8b465ee728b)  -> (artifact id: '8608f0aa8f8aad98533df43c3101b58f') in 0.006294 seconds
  Import took 0.009485 seconds .

========================================================================
Received Import Request.
  Time since last request: 120.097830 seconds.
  path: Assets/Pixel Adventure 1/Assets/Traps/Saw/Chain.png
  artifactKey: Guid(c67ce4f5bcebc8943a10698b6614f86f) Importer(815301076,1909f56bfc062723c751e8b465ee728b)
Start importing Assets/Pixel Adventure 1/Assets/Traps/Saw/Chain.png using Guid(c67ce4f5bcebc8943a10698b6614f86f) Importer(815301076,1909f56bfc062723c751e8b465ee728b)  -> (artifact id: '624de9293a99c9c4d963059bc0acaade') in 0.062809 seconds
  Import took 0.066207 seconds .

========================================================================
Received Import Request.
  Time since last request: 0.000283 seconds.
  path: Assets/Pixel Adventure 1/Assets/Traps/Saw/Off.png
  artifactKey: Guid(ca5ce7f3f3ac3bb499d37119b1867d7e) Importer(815301076,1909f56bfc062723c751e8b465ee728b)
Start importing Assets/Pixel Adventure 1/Assets/Traps/Saw/Off.png using Guid(ca5ce7f3f3ac3bb499d37119b1867d7e) Importer(815301076,1909f56bfc062723c751e8b465ee728b)  -> (artifact id: '0c6958a9991f013fca040bfb0a0e63d3') in 0.018258 seconds
  Import took 0.021954 seconds .

========================================================================
Received Import Request.
  Time since last request: 0.000262 seconds.
  path: Assets/Pixel Adventure 1/Assets/Traps/Saw/On (38x38).png
  artifactKey: Guid(c016f0eb0a188a14ab7f86d910097523) Importer(815301076,1909f56bfc062723c751e8b465ee728b)
Start importing Assets/Pixel Adventure 1/Assets/Traps/Saw/On (38x38).png using Guid(c016f0eb0a188a14ab7f86d910097523) Importer(815301076,1909f56bfc062723c751e8b465ee728b)  -> (artifact id: '56709c52053cea839247cb55aadc3d24') in 0.027866 seconds
  Import took 0.031552 seconds .

========================================================================
Received Prepare
Registering precompiled user dll's ...
Registered in 0.001083 seconds.
Begin MonoManager ReloadAssembly
Native extension for WindowsStandalone target not found
Refreshing native plugins compatible for Editor in 0.38 ms, found 1 plugins.
Preloading 0 native plugins for Editor in 0.00 ms.
Invoked RoslynAnalysisRunner static constructor.
RoslynAnalysisRunner will not be running.
RoslynAnalysisRunner has terminated.
Mono: successfully reloaded assembly
- Completed reload, in  0.897 seconds
Platform modules already initialized, skipping
Refreshing native plugins compatible for Editor in 0.49 ms, found 1 plugins.
Preloading 0 native plugins for Editor in 0.00 ms.
Unloading 1954 Unused Serialized files (Serialized files now loaded: 0)
System memory in use before: 93.2 MB.
System memory in use after: 93.1 MB.

Unloading 13 unused Assets to reduce memory usage. Loaded Objects now: 2448.
Total: 2.289000 ms (FindLiveObjects: 0.306400 ms CreateObjectMapping: 0.126000 ms MarkObjects: 1.739300 ms  DeleteObjects: 0.116300 ms)

========================================================================
Received Prepare
Registering precompiled user dll's ...
Registered in 0.072537 seconds.
Begin MonoManager ReloadAssembly
Native extension for WindowsStandalone target not found
Refreshing native plugins compatible for Editor in 0.38 ms, found 1 plugins.
Preloading 0 native plugins for Editor in 0.00 ms.
Invoked RoslynAnalysisRunner static constructor.
RoslynAnalysisRunner will not be running.
RoslynAnalysisRunner has terminated.
Mono: successfully reloaded assembly
- Completed reload, in  5.580 seconds
Platform modules already initialized, skipping
Refreshing native plugins compatible for Editor in 0.37 ms, found 1 plugins.
Preloading 0 native plugins for Editor in 0.00 ms.
Unloading 1954 Unused Serialized files (Serialized files now loaded: 0)
System memory in use before: 93.2 MB.
System memory in use after: 93.2 MB.

Unloading 13 unused Assets to reduce memory usage. Loaded Objects now: 2452.
Total: 2.199200 ms (FindLiveObjects: 0.262800 ms CreateObjectMapping: 0.090200 ms MarkObjects: 1.725000 ms  DeleteObjects: 0.120200 ms)

========================================================================
Received Import Request.
  Time since last request: 15380.629231 seconds.
  path: Assets/Prefabs/Bananas_0.prefab
  artifactKey: Guid(291fae2ebd45a804987c5dd8e360f4f3) Importer(815301076,1909f56bfc062723c751e8b465ee728b)
Start importing Assets/Prefabs/Bananas_0.prefab using Guid(291fae2ebd45a804987c5dd8e360f4f3) Importer(815301076,1909f56bfc062723c751e8b465ee728b)  -> (artifact id: '612741b0fa0fbf817d87df3986b7293d') in 0.084964 seconds
  Import took 0.088155 seconds .

========================================================================
Received Import Request.
  Time since last request: 0.000311 seconds.
  path: Assets/Prefabs/Orange_0.prefab
  artifactKey: Guid(72185188cce3f0246b87ccb82d68be26) Importer(815301076,1909f56bfc062723c751e8b465ee728b)
Start importing Assets/Prefabs/Orange_0.prefab using Guid(72185188cce3f0246b87ccb82d68be26) Importer(815301076,1909f56bfc062723c751e8b465ee728b)  -> (artifact id: 'cd43d16e7552b1ac8a041e34d8f0c141') in 0.034863 seconds
  Import took 0.037977 seconds .

========================================================================
Received Import Request.
  Time since last request: 0.000276 seconds.
  path: Assets/Prefabs/Pineapple_0.prefab
  artifactKey: Guid(31322daad00e85346b07d57f247964ce) Importer(815301076,1909f56bfc062723c751e8b465ee728b)
Start importing Assets/Prefabs/Pineapple_0.prefab using Guid(31322daad00e85346b07d57f247964ce) Importer(815301076,1909f56bfc062723c751e8b465ee728b)  -> (artifact id: 'a189f36fd43563f00fafb117399ba809') in 0.036441 seconds
  Import took 0.040774 seconds .

========================================================================
Received Import Request.
  Time since last request: 0.000243 seconds.
  path: Assets/Prefabs/Strawberry_0.prefab
  artifactKey: Guid(c03bc7692c9fc2045b63ffea5ee9109d) Importer(815301076,1909f56bfc062723c751e8b465ee728b)
Start importing Assets/Prefabs/Strawberry_0.prefab using Guid(c03bc7692c9fc2045b63ffea5ee9109d) Importer(815301076,1909f56bfc062723c751e8b465ee728b)  -> (artifact id: '4d86bb7e41dacb2bbc56b64f8275261d') in 0.036148 seconds
  Import took 0.039674 seconds .

========================================================================
Received Import Request.
  Time since last request: 0.000291 seconds.
  path: Assets/Prefabs/Cherries.prefab
  artifactKey: Guid(877d8aa6230b42e489b03636a1940d2e) Importer(815301076,1909f56bfc062723c751e8b465ee728b)
Start importing Assets/Prefabs/Cherries.prefab using Guid(877d8aa6230b42e489b03636a1940d2e) Importer(815301076,1909f56bfc062723c751e8b465ee728b)  -> (artifact id: 'b1122c61b2f96dfc09720173bc3c7c2e') in 0.028834 seconds
  Import took 0.032178 seconds .

========================================================================
Received Import Request.
  Time since last request: 0.000307 seconds.
  path: Assets/Prefabs/Apple.prefab
  artifactKey: Guid(fde99f57992b90d4dab3ce41c37aec0a) Importer(815301076,1909f56bfc062723c751e8b465ee728b)
Start importing Assets/Prefabs/Apple.prefab using Guid(fde99f57992b90d4dab3ce41c37aec0a) Importer(815301076,1909f56bfc062723c751e8b465ee728b)  -> (artifact id: '0379326e761dd2610d85d849ab50f54e') in 0.028515 seconds
  Import took 0.031453 seconds .

========================================================================
Received Import Request.
  Time since last request: 0.000285 seconds.
  path: Assets/Prefabs/Kiwi_0 (1).prefab
  artifactKey: Guid(6de595105bf6b3a488957ee4094943b6) Importer(815301076,1909f56bfc062723c751e8b465ee728b)
Start importing Assets/Prefabs/Kiwi_0 (1).prefab using Guid(6de595105bf6b3a488957ee4094943b6) Importer(815301076,1909f56bfc062723c751e8b465ee728b)  -> (artifact id: 'b6bbdf08ebf812632d0ffc1db9dcc938') in 0.029573 seconds
  Import took 0.032589 seconds .

========================================================================
Received Import Request.
  Time since last request: 1262.570574 seconds.
  path: Assets/Scripts/Fruit.cs
  artifactKey: Guid(7b1d561a6b2ec2b4e940b9214b4a543f) Importer(815301076,1909f56bfc062723c751e8b465ee728b)
Start importing Assets/Scripts/Fruit.cs using Guid(7b1d561a6b2ec2b4e940b9214b4a543f) Importer(815301076,1909f56bfc062723c751e8b465ee728b)  -> (artifact id: '66ed83c6542ad8dadc8a981db42e1a6e') in 0.007161 seconds
  Import took 0.011016 seconds .

========================================================================
Received Prepare
Registering precompiled user dll's ...
Registered in 0.001022 seconds.
Begin MonoManager ReloadAssembly
Native extension for WindowsStandalone target not found
Refreshing native plugins compatible for Editor in 0.37 ms, found 1 plugins.
Preloading 0 native plugins for Editor in 0.00 ms.
Invoked RoslynAnalysisRunner static constructor.
RoslynAnalysisRunner will not be running.
RoslynAnalysisRunner has terminated.
Mono: successfully reloaded assembly
- Completed reload, in  0.792 seconds
Platform modules already initialized, skipping
Refreshing native plugins compatible for Editor in 0.37 ms, found 1 plugins.
Preloading 0 native plugins for Editor in 0.00 ms.
Unloading 1954 Unused Serialized files (Serialized files now loaded: 0)
System memory in use before: 93.3 MB.
System memory in use after: 93.3 MB.

Unloading 13 unused Assets to reduce memory usage. Loaded Objects now: 2457.
Total: 2.310500 ms (FindLiveObjects: 0.401600 ms CreateObjectMapping: 0.108100 ms MarkObjects: 1.700200 ms  DeleteObjects: 0.099700 ms)

========================================================================
Received Prepare
Registering precompiled user dll's ...
Registered in 0.001031 seconds.
Begin MonoManager ReloadAssembly
Native extension for WindowsStandalone target not found
Refreshing native plugins compatible for Editor in 0.39 ms, found 1 plugins.
Preloading 0 native plugins for Editor in 0.00 ms.
Invoked RoslynAnalysisRunner static constructor.
RoslynAnalysisRunner will not be running.
RoslynAnalysisRunner has terminated.
Mono: successfully reloaded assembly
- Completed reload, in  0.850 seconds
Platform modules already initialized, skipping
Refreshing native plugins compatible for Editor in 0.37 ms, found 1 plugins.
Preloading 0 native plugins for Editor in 0.00 ms.
Unloading 1954 Unused Serialized files (Serialized files now loaded: 0)
System memory in use before: 93.3 MB.
System memory in use after: 93.3 MB.

Unloading 13 unused Assets to reduce memory usage. Loaded Objects now: 2461.
Total: 2.335700 ms (FindLiveObjects: 0.214100 ms CreateObjectMapping: 0.079700 ms MarkObjects: 1.933600 ms  DeleteObjects: 0.106900 ms)

========================================================================
Received Import Request.
  Time since last request: 457.414902 seconds.
  path: Assets/AnimationsEnemy/Transition.anim
  artifactKey: Guid(63c54f23526fd3c458db0a5fdb6a6ce4) Importer(815301076,1909f56bfc062723c751e8b465ee728b)
Start importing Assets/AnimationsEnemy/Transition.anim using Guid(63c54f23526fd3c458db0a5fdb6a6ce4) Importer(815301076,1909f56bfc062723c751e8b465ee728b)  -> (artifact id: 'a23f56282497aea49d44a9fabfd5ef32') in 0.018271 seconds
  Import took 0.021256 seconds .

========================================================================
Received Prepare
Registering precompiled user dll's ...
Registered in 0.001094 seconds.
Begin MonoManager ReloadAssembly
Native extension for WindowsStandalone target not found
Refreshing native plugins compatible for Editor in 0.39 ms, found 1 plugins.
Preloading 0 native plugins for Editor in 0.00 ms.
Invoked RoslynAnalysisRunner static constructor.
RoslynAnalysisRunner will not be running.
RoslynAnalysisRunner has terminated.
Mono: successfully reloaded assembly
- Completed reload, in  0.866 seconds
Platform modules already initialized, skipping
Refreshing native plugins compatible for Editor in 0.37 ms, found 1 plugins.
Preloading 0 native plugins for Editor in 0.00 ms.
Unloading 1954 Unused Serialized files (Serialized files now loaded: 0)
System memory in use before: 93.3 MB.
System memory in use after: 93.3 MB.

Unloading 13 unused Assets to reduce memory usage. Loaded Objects now: 2465.
Total: 2.303500 ms (FindLiveObjects: 0.321600 ms CreateObjectMapping: 0.103200 ms MarkObjects: 1.764900 ms  DeleteObjects: 0.112900 ms)

========================================================================
Received Prepare
Registering precompiled user dll's ...
Registered in 0.001053 seconds.
Begin MonoManager ReloadAssembly
Native extension for WindowsStandalone target not found
Refreshing native plugins compatible for Editor in 0.38 ms, found 1 plugins.
Preloading 0 native plugins for Editor in 0.00 ms.
Invoked RoslynAnalysisRunner static constructor.
RoslynAnalysisRunner will not be running.
RoslynAnalysisRunner has terminated.
Mono: successfully reloaded assembly
- Completed reload, in  0.881 seconds
Platform modules already initialized, skipping
Refreshing native plugins compatible for Editor in 0.37 ms, found 1 plugins.
Preloading 0 native plugins for Editor in 0.00 ms.
Unloading 1954 Unused Serialized files (Serialized files now loaded: 0)
System memory in use before: 93.3 MB.
System memory in use after: 93.3 MB.

Unloading 13 unused Assets to reduce memory usage. Loaded Objects now: 2469.
Total: 2.133300 ms (FindLiveObjects: 0.211100 ms CreateObjectMapping: 0.082100 ms MarkObjects: 1.733300 ms  DeleteObjects: 0.105100 ms)

========================================================================
Received Prepare
Registering precompiled user dll's ...
Registered in 0.000998 seconds.
Begin MonoManager ReloadAssembly
Native extension for WindowsStandalone target not found
Refreshing native plugins compatible for Editor in 0.38 ms, found 1 plugins.
Preloading 0 native plugins for Editor in 0.00 ms.
Invoked RoslynAnalysisRunner static constructor.
RoslynAnalysisRunner will not be running.
RoslynAnalysisRunner has terminated.
Mono: successfully reloaded assembly
- Completed reload, in  0.943 seconds
Platform modules already initialized, skipping
Refreshing native plugins compatible for Editor in 0.38 ms, found 1 plugins.
Preloading 0 native plugins for Editor in 0.00 ms.
Unloading 1954 Unused Serialized files (Serialized files now loaded: 0)
System memory in use before: 93.3 MB.
System memory in use after: 93.3 MB.

Unloading 13 unused Assets to reduce memory usage. Loaded Objects now: 2473.
Total: 1.998100 ms (FindLiveObjects: 0.197100 ms CreateObjectMapping: 0.062600 ms MarkObjects: 1.623100 ms  DeleteObjects: 0.114300 ms)

========================================================================
Received Prepare
Registering precompiled user dll's ...
Registered in 0.001101 seconds.
Begin MonoManager ReloadAssembly
Native extension for WindowsStandalone target not found
Refreshing native plugins compatible for Editor in 0.38 ms, found 1 plugins.
Preloading 0 native plugins for Editor in 0.00 ms.
Invoked RoslynAnalysisRunner static constructor.
RoslynAnalysisRunner will not be running.
RoslynAnalysisRunner has terminated.
Mono: successfully reloaded assembly
- Completed reload, in  0.873 seconds
Platform modules already initialized, skipping
Refreshing native plugins compatible for Editor in 0.37 ms, found 1 plugins.
Preloading 0 native plugins for Editor in 0.00 ms.
Unloading 1954 Unused Serialized files (Serialized files now loaded: 0)
System memory in use before: 93.3 MB.
System memory in use after: 93.3 MB.

Unloading 13 unused Assets to reduce memory usage. Loaded Objects now: 2477.
Total: 2.130400 ms (FindLiveObjects: 0.205500 ms CreateObjectMapping: 0.072900 ms MarkObjects: 1.731900 ms  DeleteObjects: 0.118900 ms)

AssetImportWorkerClient::OnTransportError - code=2 error=End of file
